\BOOKMARK [0][-]{nlc.0}{国家图书馆封面}{}% 1
\BOOKMARK [0][-]{cover.0}{中文封面}{}% 2
\BOOKMARK [0][-]{abstract.0}{中文摘要}{}% 3
\BOOKMARK [0][-]{englishabstract.0}{英文摘要}{}% 4
\BOOKMARK [0][-]{chapter*.1}{前 言}{}% 5
\BOOKMARK [0][-]{chapter*.2}{目 次}{}% 6
\BOOKMARK [0][-]{chapter*.3}{插图清单}{}% 7
\BOOKMARK [0][-]{chapter*.4}{附表清单}{}% 8
\BOOKMARK [0][-]{chapter.1}{1 绪论}{}% 9
\BOOKMARK [1][-]{section.1.1}{1.1 研究背景与意义}{chapter.1}% 10
\BOOKMARK [1][-]{section.1.2}{1.2 相关工作}{chapter.1}% 11
\BOOKMARK [2][-]{subsection.1.2.1}{1.2.1 现有解决方法的不足}{section.1.2}% 12
\BOOKMARK [2][-]{subsection.1.2.2}{1.2.2 本文工作的中心观点与思想}{section.1.2}% 13
\BOOKMARK [1][-]{section.1.3}{1.3 技术背景}{chapter.1}% 14
\BOOKMARK [2][-]{subsection.1.3.1}{1.3.1 Spark背景}{section.1.3}% 15
\BOOKMARK [2][-]{subsection.1.3.2}{1.3.2 Spark系统构架}{section.1.3}% 16
\BOOKMARK [2][-]{subsection.1.3.3}{1.3.3 Spark数据模型}{section.1.3}% 17
\BOOKMARK [2][-]{subsection.1.3.4}{1.3.4 Spark常用编程接口}{section.1.3}% 18
\BOOKMARK [2][-]{subsection.1.3.5}{1.3.5 GraphX背景}{section.1.3}% 19
\BOOKMARK [2][-]{subsection.1.3.6}{1.3.6 GraphX编程范式}{section.1.3}% 20
\BOOKMARK [1][-]{section.1.4}{1.4 论文结构}{chapter.1}% 21
\BOOKMARK [0][-]{chapter.2}{2 SimRank原理及技术背景}{}% 22
\BOOKMARK [1][-]{section.2.1}{2.1\040SimRank}{chapter.2}% 23
\BOOKMARK [0][-]{chapter.3}{3 分布式单源点相似度计算方法}{}% 24
\BOOKMARK [1][-]{section.3.1}{3.1 算法中心思想}{chapter.3}% 25
\BOOKMARK [1][-]{section.3.2}{3.2 算法的优化}{chapter.3}% 26
\BOOKMARK [2][-]{subsection.3.2.1}{3.2.1 减少随机游走的数量}{section.3.2}% 27
\BOOKMARK [2][-]{subsection.3.2.2}{3.2.2 压缩中间数据的表示}{section.3.2}% 28
\BOOKMARK [2][-]{subsection.3.2.3}{3.2.3 使用动态规划技巧加速随机游走的匹配}{section.3.2}% 29
\BOOKMARK [2][-]{subsection.3.2.4}{3.2.4 使用概率阈值剔除极小的概率}{section.3.2}% 30
\BOOKMARK [1][-]{section.3.3}{3.3 算法的复杂度分析}{chapter.3}% 31
\BOOKMARK [1][-]{section.3.4}{3.4 基于Spark平台的实现}{chapter.3}% 32
\BOOKMARK [1][-]{section.3.5}{3.5 实验评估}{chapter.3}% 33
\BOOKMARK [2][-]{subsection.3.5.1}{3.5.1 实验环境}{section.3.5}% 34
\BOOKMARK [2][-]{subsection.3.5.2}{3.5.2 实验数据集}{section.3.5}% 35
\BOOKMARK [2][-]{subsection.3.5.3}{3.5.3 实验参数设置}{section.3.5}% 36
\BOOKMARK [2][-]{subsection.3.5.4}{3.5.4 算法有效性}{section.3.5}% 37
\BOOKMARK [2][-]{subsection.3.5.5}{3.5.5 算法的效率}{section.3.5}% 38
\BOOKMARK [2][-]{subsection.3.5.6}{3.5.6 算法的可扩展性}{section.3.5}% 39
\BOOKMARK [1][-]{section.3.6}{3.6 小结}{chapter.3}% 40
\BOOKMARK [0][-]{chapter.4}{4 分布式图分割方法}{}% 41
\BOOKMARK [1][-]{section.4.1}{4.1 概述}{chapter.4}% 42
\BOOKMARK [1][-]{section.4.2}{4.2 相关工作}{chapter.4}% 43
\BOOKMARK [1][-]{section.4.3}{4.3 算法的基本框架}{chapter.4}% 44
\BOOKMARK [2][-]{subsection.4.3.1}{4.3.1 图的塌缩}{section.4.3}% 45
\BOOKMARK [2][-]{subsection.4.3.2}{4.3.2 图的划分}{section.4.3}% 46
\BOOKMARK [1][-]{section.4.4}{4.4 算法的实现}{chapter.4}% 47
\BOOKMARK [0][-]{chapter.5}{5 分布式全点对相似度计算方法算法}{}% 48
\BOOKMARK [1][-]{section.5.1}{5.1 算法框架}{chapter.5}% 49
\BOOKMARK [1][-]{section.5.2}{5.2 基于Spark平台的算法实现}{chapter.5}% 50
\BOOKMARK [1][-]{section.5.3}{5.3 算法理论模型}{chapter.5}% 51
\BOOKMARK [1][-]{section.5.4}{5.4 算法概览}{chapter.5}% 52
\BOOKMARK [0][-]{chapter.6}{6 结论}{}% 53
\BOOKMARK [0][-]{chapter*.20}{致 谢}{}% 54
\BOOKMARK [0][-]{chapter*.21}{参考文献}{}% 55
\BOOKMARK [0][-]{appendix.A}{A 图论基础知识}{}% 56
\BOOKMARK [0][-]{appendix*.22}{简历与科研成果}{}% 57
\BOOKMARK [0][-]{appendix*.23}{学位论文出版授权书}{}% 58
